Drill report for SN76489AN_soundboard1.kicad_pcb
Created on 2025-04-09T22:37:21-0500

Copper Layer Stackup:
    =============================================================
    L1 :  F.Cu                      front
    L1 :  B.Cu                      back


Drill file 'SN76489AN_soundboard1-PTH.drl' contains
    plated through holes:
    =============================================================
    T1  0.300mm  0.0118"  (1 hole)
    T2  0.800mm  0.0315"  (72 holes)
    T3  0.900mm  0.0354"  (23 holes)
    T4  1.000mm  0.0394"  (64 holes)  (with 5 slots)
    T5  1.100mm  0.0433"  (2 holes)
    T6  1.200mm  0.0472"  (4 holes)
    T7  1.300mm  0.0512"  (4 holes)

    Total plated holes count 170


Drill file 'SN76489AN_soundboard1-NPTH.drl' contains
    unplated through holes:
    =============================================================
    T1  2.700mm  0.1063"  (2 holes)  (with 2 slots)

    Total unplated holes count 2
